<?xml version="1.0" encoding="UTF-8"?>
<testng-results ignored="0" total="1" passed="1" failed="0" skipped="0">
  <reporter-output>
  </reporter-output>
  <suite started-at="2025-01-12T22:06:11 IST" name="Default suite" finished-at="2025-01-12T22:06:22 IST" duration-ms="11548">
    <groups>
    </groups>
    <test started-at="2025-01-12T22:06:11 IST" name="Default test" finished-at="2025-01-12T22:06:22 IST" duration-ms="11548">
      <class name="testCases.TC002_LoginAccount">
        <test-method is-config="true" signature="setup()[pri:0, instance:testCases.TC002_LoginAccount@78691363]" started-at="2025-01-12T22:06:11 IST" name="setup" finished-at="2025-01-12T22:06:19 IST" duration-ms="7916" status="PASS">
          <reporter-output>
          </reporter-output>
        </test-method> <!-- setup -->
        <test-method signature="verify_account_registration()[pri:0, instance:testCases.TC002_LoginAccount@78691363]" started-at="2025-01-12T22:06:19 IST" name="verify_account_registration" finished-at="2025-01-12T22:06:22 IST" duration-ms="3506" status="PASS">
          <reporter-output>
          </reporter-output>
        </test-method> <!-- verify_account_registration -->
        <test-method is-config="true" signature="tearDown()[pri:0, instance:testCases.TC002_LoginAccount@78691363]" started-at="2025-01-12T22:06:22 IST" name="tearDown" finished-at="2025-01-12T22:06:22 IST" duration-ms="107" status="PASS">
          <reporter-output>
          </reporter-output>
        </test-method> <!-- tearDown -->
      </class> <!-- testCases.TC002_LoginAccount -->
    </test> <!-- Default test -->
  </suite> <!-- Default suite -->
</testng-results>
